<?xml version="1.0" encoding="UTF-8"?>
<!-- Generated by org.testng.reporters.JUnitXMLReporter -->
<testsuite ignored="0" hostname="laura" failures="0" tests="8" name="Functional Testing" time="5.846" errors="0" timestamp="2025-03-13T12:59:42 ART">
  <testcase classname="ui.Login" name="LoginTest" time="0.009"/>
  <testcase classname="ui.Login" name="LogoutTest" time="0.001"/>
  <testcase classname="ui.VerifyTitleText" name="titleTest" time="3.18"/>
  <testcase classname="ui.GroupDemoTest" name="bTest3" time="0.004"/>
  <testcase classname="ui.GroupDemoTest" name="bTest4" time="0.002"/>
  <testcase classname="ui.GroupDemoTest" name="aTest1" time="0.007"/>
  <testcase classname="ui.GroupDemoTest" name="bTest2" time="0.003"/>
  <testcase classname="ui.VerifyTextAndTitleTest" name="titleTest" time="2.517"/>
</testsuite> <!-- Functional Testing -->
