<?xml version="1.0" encoding="UTF-8"?>
<!-- Generated by org.testng.reporters.JUnitXMLReporter -->
<testsuite ignored="2" hostname="laura" failures="0" tests="2" name="GRP-bvt" time="0.09" errors="0" timestamp="2025-03-13T00:06:42 ART">
  <testcase classname="ui.GroupDemoTest" name="bTest3" time="0.014"/>
  <testcase classname="ui.GroupDemoTest" name="bTest4" time="0.002"/>
  <testcase classname="ui.GroupDemoTest" name="bTest2" time="0.0">
    <ignored/>
  </testcase> <!-- bTest2 -->
  <testcase classname="ui.GroupDemoTest" name="aTest1" time="0.0">
    <ignored/>
  </testcase> <!-- aTest1 -->
</testsuite> <!-- GRP-bvt -->
