<?xml version="1.0" encoding="UTF-8"?>
<testng-results ignored="0" total="1" passed="1" failed="0" skipped="0">
  <reporter-output>
  </reporter-output>
  <suite started-at="2025-03-13T15:58:10 ART" name="Reading browser details from testng xmL" finished-at="2025-03-13T15:58:22 ART" duration-ms="11592">
    <groups>
    </groups>
    <test started-at="2025-03-13T15:58:10 ART" name="Reading browser details from testng xmL" finished-at="2025-03-13T15:58:22 ART" duration-ms="11592">
      <class name="ui.Logintext">
        <test-method signature="LaunchApplication(java.lang.String)[pri:0, instance:ui.Logintext@c730b35]" started-at="2025-03-13T15:58:10 ART" name="LaunchApplication" finished-at="2025-03-13T15:58:22 ART" duration-ms="11544" status="PASS">
          <params>
            <param index="0">
              <value>
                <![CDATA[chrome]]>
              </value>
            </param>
          </params>
          <reporter-output>
          </reporter-output>
        </test-method> <!-- LaunchApplication -->
      </class> <!-- ui.Logintext -->
    </test> <!-- Reading browser details from testng xmL -->
  </suite> <!-- Reading browser details from testng xmL -->
</testng-results>
