<?xml version="1.0" encoding="UTF-8"?>
<testng-results ignored="0" total="10" passed="10" failed="0" skipped="0">
  <reporter-output>
  </reporter-output>
  <suite started-at="2025-05-03T14:19:03 ART" name="Suite" finished-at="2025-05-03T14:21:00 ART" duration-ms="117411">
    <groups>
    </groups>
    <test started-at="2025-05-03T14:19:03 ART" name="funcional Test" finished-at="2025-05-03T14:21:00 ART" duration-ms="117411">
      <class name="Demo.NavegacionUsuariosSinConocimentos">
        <test-method signature="NavegacionUser()[pri:0, instance:Demo.NavegacionUsuariosSinConocimentos@6a78afa0]" started-at="2025-05-03T14:19:34 ART" name="NavegacionUser" finished-at="2025-05-03T14:19:52 ART" duration-ms="17283" status="PASS">
          <reporter-output>
          </reporter-output>
        </test-method> <!-- NavegacionUser -->
      </class> <!-- Demo.NavegacionUsuariosSinConocimentos -->
      <class name="Demo.VerificacionDeAccesoAmoduloBasico2">
        <test-method signature="AccesoBasico()[pri:0, instance:Demo.VerificacionDeAccesoAmoduloBasico2@dd05255]" started-at="2025-05-03T14:19:28 ART" name="AccesoBasico" finished-at="2025-05-03T14:19:34 ART" duration-ms="6420" status="PASS">
          <reporter-output>
          </reporter-output>
        </test-method> <!-- AccesoBasico -->
      </class> <!-- Demo.VerificacionDeAccesoAmoduloBasico2 -->
      <class name="Demo.VerificacionDeAccesoAmoduloAvanzado">
        <test-method signature="AccesoAvanzado()[pri:0, instance:Demo.VerificacionDeAccesoAmoduloAvanzado@4c12331b]" started-at="2025-05-03T14:19:04 ART" name="AccesoAvanzado" finished-at="2025-05-03T14:19:17 ART" duration-ms="13210" status="PASS">
          <reporter-output>
          </reporter-output>
        </test-method> <!-- AccesoAvanzado -->
      </class> <!-- Demo.VerificacionDeAccesoAmoduloAvanzado -->
      <class name="Demo.CompatibilidadEnDiferentesNavegadores">
        <test-method signature="CompatibiNavegador()[pri:0, instance:Demo.CompatibilidadEnDiferentesNavegadores@10683d9d]" started-at="2025-05-03T14:20:10 ART" name="CompatibiNavegador" finished-at="2025-05-03T14:20:34 ART" duration-ms="24412" status="PASS">
          <reporter-output>
          </reporter-output>
        </test-method> <!-- CompatibiNavegador -->
      </class> <!-- Demo.CompatibilidadEnDiferentesNavegadores -->
      <class name="Demo.AccesoALeccionesDeesdePaginaModulo">
        <test-method signature="AccesoModulo()[pri:0, instance:Demo.AccesoALeccionesDeesdePaginaModulo@7e6f74c]" started-at="2025-05-03T14:19:17 ART" name="AccesoModulo" finished-at="2025-05-03T14:19:28 ART" duration-ms="11065" status="PASS">
          <reporter-output>
          </reporter-output>
        </test-method> <!-- AccesoModulo -->
      </class> <!-- Demo.AccesoALeccionesDeesdePaginaModulo -->
      <class name="Demo.TiempoDeCargaEnBlog">
        <test-method signature="TiempoCarga()[pri:0, instance:Demo.TiempoDeCargaEnBlog@2f4948e4]" started-at="2025-05-03T14:19:52 ART" name="TiempoCarga" finished-at="2025-05-03T14:19:59 ART" duration-ms="7866" status="PASS">
          <reporter-output>
          </reporter-output>
        </test-method> <!-- TiempoCarga -->
      </class> <!-- Demo.TiempoDeCargaEnBlog -->
      <class name="Demo.AccesoALeccionesDesdeModuloBasico">
        <test-method signature="AccesoBasico()[pri:0, instance:Demo.AccesoALeccionesDesdeModuloBasico@1f2586d6]" started-at="2025-05-03T14:19:59 ART" name="AccesoBasico" finished-at="2025-05-03T14:20:10 ART" duration-ms="10458" status="PASS">
          <reporter-output>
          </reporter-output>
        </test-method> <!-- AccesoBasico -->
      </class> <!-- Demo.AccesoALeccionesDesdeModuloBasico -->
      <class name="Demo.RedireccionCorrectaAEvaluacionesExternas">
        <test-method signature="Redireccion()[pri:0, instance:Demo.RedireccionCorrectaAEvaluacionesExternas@3fc2959f]" started-at="2025-05-03T14:20:34 ART" name="Redireccion" finished-at="2025-05-03T14:20:49 ART" duration-ms="14345" status="PASS">
          <reporter-output>
          </reporter-output>
        </test-method> <!-- Redireccion -->
      </class> <!-- Demo.RedireccionCorrectaAEvaluacionesExternas -->
      <class name="Demo.FuncionamientoBarraBusqueda">
        <test-method signature="FuncioBusqueda()[pri:0, instance:Demo.FuncionamientoBarraBusqueda@6989da5e]" started-at="2025-05-03T14:20:56 ART" name="FuncioBusqueda" finished-at="2025-05-03T14:21:00 ART" duration-ms="4531" status="PASS">
          <reporter-output>
          </reporter-output>
        </test-method> <!-- FuncioBusqueda -->
      </class> <!-- Demo.FuncionamientoBarraBusqueda -->
      <class name="Demo.VerificacionDeAccesoAmoduloIntermedio">
        <test-method signature="AccesoIntermedio()[pri:0, instance:Demo.VerificacionDeAccesoAmoduloIntermedio@5aa9e4eb]" started-at="2025-05-03T14:20:49 ART" name="AccesoIntermedio" finished-at="2025-05-03T14:20:56 ART" duration-ms="6939" status="PASS">
          <reporter-output>
          </reporter-output>
        </test-method> <!-- AccesoIntermedio -->
      </class> <!-- Demo.VerificacionDeAccesoAmoduloIntermedio -->
    </test> <!-- funcional Test -->
  </suite> <!-- Suite -->
</testng-results>
