<?xml version="1.0" encoding="UTF-8"?>
<!-- Generated by org.testng.reporters.JUnitXMLReporter -->
<testsuite ignored="0" hostname="laura" failures="0" tests="4" name="Default test" time="15.558" errors="0" timestamp="2025-03-13T15:29:17 ART">
  <testcase classname="ui.DataProviderDemo2" name="test" time="3.927"/>
  <testcase classname="ui.DataProviderDemo2" name="test" time="2.069"/>
  <testcase classname="ui.DataProviderDemo2" name="test" time="2.208"/>
  <testcase classname="ui.DataProviderDemo2" name="test" time="7.291"/>
</testsuite> <!-- Default test -->
