<?xml version="1.0" encoding="UTF-8"?>
<!-- Generated by org.testng.reporters.JUnitXMLReporter -->
<testsuite ignored="0" hostname="laura" failures="0" tests="10" name="funcional Test" time="117.411" errors="0" timestamp="2025-05-03T14:21:01 ART">
  <testcase classname="Demo.VerificacionDeAccesoAmoduloAvanzado" name="AccesoAvanzado" time="13.21"/>
  <testcase classname="Demo.AccesoALeccionesDeesdePaginaModulo" name="AccesoModulo" time="11.065"/>
  <testcase classname="Demo.VerificacionDeAccesoAmoduloBasico2" name="AccesoBasico" time="6.42"/>
  <testcase classname="Demo.NavegacionUsuariosSinConocimentos" name="NavegacionUser" time="17.283"/>
  <testcase classname="Demo.TiempoDeCargaEnBlog" name="TiempoCarga" time="7.866"/>
  <testcase classname="Demo.AccesoALeccionesDesdeModuloBasico" name="AccesoBasico" time="10.458"/>
  <testcase classname="Demo.CompatibilidadEnDiferentesNavegadores" name="CompatibiNavegador" time="24.412"/>
  <testcase classname="Demo.RedireccionCorrectaAEvaluacionesExternas" name="Redireccion" time="14.345"/>
  <testcase classname="Demo.VerificacionDeAccesoAmoduloIntermedio" name="AccesoIntermedio" time="6.939"/>
  <testcase classname="Demo.FuncionamientoBarraBusqueda" name="FuncioBusqueda" time="4.531"/>
</testsuite> <!-- funcional Test -->
