<?xml version="1.0" encoding="UTF-8"?>
<!-- Generated by org.testng.reporters.JUnitReportReporter -->
<testsuite hostname="laura" failures="0" tests="4" name="ui.DataProviderDemo2" time="15.495" errors="0" timestamp="2025-03-13T15:29:17 ART" skipped="0">
  <testcase classname="ui.DataProviderDemo2" name="test" time="3.927"/>
  <testcase classname="ui.DataProviderDemo2" name="test" time="7.291"/>
  <testcase classname="ui.DataProviderDemo2" name="test" time="2.069"/>
  <testcase classname="ui.DataProviderDemo2" name="test" time="2.208"/>
</testsuite> <!-- ui.DataProviderDemo2 -->
