<?xml version="1.0" encoding="UTF-8"?>
<!-- Generated by org.testng.reporters.JUnitReportReporter -->
<testsuite hostname="laura" failures="0" tests="4" name="ui.Login" time="0.020" errors="0" timestamp="2025-03-13T12:59:45 ART" skipped="0">
  <testcase classname="ui.Login" name="LoginTest" time="0.010"/>
  <testcase classname="ui.Login" name="LoginTest" time="0.003"/>
  <testcase classname="ui.Login" name="LogoutTest" time="0.003"/>
  <testcase classname="ui.Login" name="LogoutTest" time="0.004"/>
</testsuite> <!-- ui.Login -->
