<?xml version="1.0" encoding="UTF-8"?>
<!-- Generated by org.testng.reporters.JUnitReportReporter -->
<testsuite hostname="laura" failures="0" tests="4" name="ui.GroupDemoTest" time="0.015" errors="0" timestamp="2025-03-13T14:04:19 ART" skipped="0">
  <testcase classname="ui.GroupDemoTest" name="bTest4" time="0.002"/>
  <testcase classname="ui.GroupDemoTest" name="bTest3" time="0.009"/>
  <testcase classname="ui.GroupDemoTest" name="aTest1" time="0.003"/>
  <testcase classname="ui.GroupDemoTest" name="bTest2" time="0.001"/>
</testsuite> <!-- ui.GroupDemoTest -->
